0 info it worked if it ends with ok
1 verbose cli [ '/usr/local/Cellar/node/5.0.0/bin/node',
1 verbose cli   '/usr/local/bin/npm',
1 verbose cli   'install',
1 verbose cli   'nodejs@6.11.1',
1 verbose cli   '--save' ]
2 info using npm@3.7.2
3 info using node@v5.0.0
4 silly loadCurrentTree Starting
5 silly install loadCurrentTree
6 silly install readLocalPackageData
7 silly fetchPackageMetaData nodejs@6.11.1
8 silly fetchNamedPackageData nodejs
9 silly mapToRegistry name nodejs
10 silly mapToRegistry using default registry
11 silly mapToRegistry registry https://registry.npmjs.org/
12 silly mapToRegistry uri https://registry.npmjs.org/nodejs
13 verbose request uri https://registry.npmjs.org/nodejs
14 verbose request no auth needed
15 info attempt registry request try #1 at 5:15:35 PM
16 verbose request id 21daadffae68f636
17 verbose etag W/"580a265b-3dd"
18 verbose lastModified Fri, 21 Oct 2016 14:29:47 GMT
19 http request GET https://registry.npmjs.org/nodejs
20 http 304 https://registry.npmjs.org/nodejs
21 verbose headers { date: 'Sat, 15 Jul 2017 00:15:27 GMT',
21 verbose headers   via: '1.1 varnish',
21 verbose headers   'cache-control': 'max-age=300',
21 verbose headers   etag: 'W/"580a265b-3dd"',
21 verbose headers   age: '77',
21 verbose headers   connection: 'keep-alive',
21 verbose headers   'x-served-by': 'cache-lax8623-LAX',
21 verbose headers   'x-cache': 'HIT',
21 verbose headers   'x-cache-hits': '1',
21 verbose headers   'x-timer': 'S1500077728.788359,VS0,VE0',
21 verbose headers   vary: 'Accept-Encoding, Accept' }
22 silly get cb [ 304,
22 silly get   { date: 'Sat, 15 Jul 2017 00:15:27 GMT',
22 silly get     via: '1.1 varnish',
22 silly get     'cache-control': 'max-age=300',
22 silly get     etag: 'W/"580a265b-3dd"',
22 silly get     age: '77',
22 silly get     connection: 'keep-alive',
22 silly get     'x-served-by': 'cache-lax8623-LAX',
22 silly get     'x-cache': 'HIT',
22 silly get     'x-cache-hits': '1',
22 silly get     'x-timer': 'S1500077728.788359,VS0,VE0',
22 silly get     vary: 'Accept-Encoding, Accept' } ]
23 verbose etag https://registry.npmjs.org/nodejs from cache
24 verbose get saving nodejs to /Users/Taylorjeveryday/.npm/registry.npmjs.org/nodejs/.cache.json
25 verbose correctMkdir /Users/Taylorjeveryday/.npm correctMkdir not in flight; initializing
26 silly fetchPackageMetaData Error: No compatible version found: nodejs@6.11.1
26 silly fetchPackageMetaData Valid install targets:
26 silly fetchPackageMetaData 0.0.0
26 silly fetchPackageMetaData
26 silly fetchPackageMetaData     at pickVersionFromRegistryDocument (/usr/local/lib/node_modules/npm/lib/fetch-package-metadata.js:156:16)
26 silly fetchPackageMetaData     at /usr/local/lib/node_modules/npm/node_modules/iferr/index.js:13:50
26 silly fetchPackageMetaData     at /usr/local/lib/node_modules/npm/lib/utils/pulse-till-done.js:19:8
26 silly fetchPackageMetaData     at saved (/usr/local/lib/node_modules/npm/lib/cache/caching-client.js:168:7)
26 silly fetchPackageMetaData     at /usr/local/lib/node_modules/npm/node_modules/graceful-fs/polyfills.js:210:7
26 silly fetchPackageMetaData     at FSReqWrap.oncomplete (fs.js:82:15)
26 silly fetchPackageMetaData  error for nodejs@6.11.1 [Error: No compatible version found: nodejs@6.11.1
26 silly fetchPackageMetaData Valid install targets:
26 silly fetchPackageMetaData 0.0.0
26 silly fetchPackageMetaData ]
27 silly rollbackFailedOptional Starting
28 silly rollbackFailedOptional Finishing
29 silly runTopLevelLifecycles Starting
30 silly runTopLevelLifecycles Finishing
31 silly install printInstalled
32 verbose stack Error: No compatible version found: nodejs@6.11.1
32 verbose stack Valid install targets:
32 verbose stack 0.0.0
32 verbose stack
32 verbose stack     at pickVersionFromRegistryDocument (/usr/local/lib/node_modules/npm/lib/fetch-package-metadata.js:156:16)
32 verbose stack     at /usr/local/lib/node_modules/npm/node_modules/iferr/index.js:13:50
32 verbose stack     at /usr/local/lib/node_modules/npm/lib/utils/pulse-till-done.js:19:8
32 verbose stack     at saved (/usr/local/lib/node_modules/npm/lib/cache/caching-client.js:168:7)
32 verbose stack     at /usr/local/lib/node_modules/npm/node_modules/graceful-fs/polyfills.js:210:7
32 verbose stack     at FSReqWrap.oncomplete (fs.js:82:15)
33 verbose cwd /Users/Taylorjeveryday/workspace/CodeforPHX/SharedUse/SharedUseWeb-App
34 error Darwin 16.4.0
35 error argv "/usr/local/Cellar/node/5.0.0/bin/node" "/usr/local/bin/npm" "install" "nodejs@6.11.1" "--save"
36 error node v5.0.0
37 error npm  v3.7.2
38 error No compatible version found: nodejs@6.11.1
38 error Valid install targets:
38 error 0.0.0
39 error If you need help, you may report this error at:
39 error     <https://github.com/npm/npm/issues>
40 verbose exit [ 1, true ]
